2025-06-14 21:06:28,816 [Worker-6: Loading available Gradle versions] INFO  o.e.b.c.i.u.g.PublishedGradleVersions - Gradle version information cache is not available. Remote download required.
2025-06-14 21:07:00,275 [Worker-0: Importing Maven projects] INFO  o.e.m.c.i.l.LifecycleMappingFactory - Using org.eclipse.m2e.jdt.JarLifecycleMapping lifecycle mapping for MavenProject: com.inventory:Auth-Service:0.0.1-SNAPSHOT @ C:\Users\choud\Downloads\backend-send\backend-send\Auth-Service\pom.xml.
2025-06-14 21:07:01,289 [Worker-0: Importing Maven projects] INFO  o.e.m.c.i.l.LifecycleMappingFactory - Using org.eclipse.m2e.jdt.JarLifecycleMapping lifecycle mapping for MavenProject: com.gate:api-gateway:0.0.1-SNAPSHOT @ C:\Users\choud\Downloads\backend-send\backend-send\api-gateway\pom.xml.
2025-06-14 21:07:01,664 [Worker-0: Importing Maven projects] INFO  o.e.m.c.i.l.LifecycleMappingFactory - Using org.eclipse.m2e.jdt.JarLifecycleMapping lifecycle mapping for MavenProject: com.inventory:employeeService:0.0.1-SNAPSHOT @ C:\Users\choud\Downloads\backend-send\backend-send\employeeService\pom.xml.
2025-06-14 21:07:01,966 [Worker-0: Importing Maven projects] INFO  o.e.m.c.i.l.LifecycleMappingFactory - Using org.eclipse.m2e.jdt.JarLifecycleMapping lifecycle mapping for MavenProject: com.inventory:productService:0.0.1-SNAPSHOT @ C:\Users\choud\Downloads\backend-send\backend-send\productService\pom.xml.
2025-06-14 21:07:02,113 [Worker-0: Importing Maven projects] INFO  o.e.m.c.i.l.LifecycleMappingFactory - Using org.eclipse.m2e.jdt.JarLifecycleMapping lifecycle mapping for MavenProject: com.inventory:service-Registry:0.0.1-SNAPSHOT @ C:\Users\choud\Downloads\backend-send\backend-send\service-Registry\pom.xml.
2025-06-14 21:07:02,351 [Worker-0: Importing Maven projects] INFO  o.e.m.c.i.l.LifecycleMappingFactory - Using org.eclipse.m2e.jdt.JarLifecycleMapping lifecycle mapping for MavenProject: com.inventory:warehouseService:0.0.1-SNAPSHOT @ C:\Users\choud\Downloads\backend-send\backend-send\warehouseService\pom.xml.
2025-06-14 21:07:06,272 [Worker-0: Importing Maven projects] INFO  o.e.m.j.i.AbstractJavaProjectConfigurator - Adding source folder /Auth-Service/src/main/java
2025-06-14 21:07:06,278 [Worker-0: Importing Maven projects] INFO  o.e.m.j.i.AbstractJavaProjectConfigurator - Adding resource folder /Auth-Service/src/main/resources
2025-06-14 21:07:06,279 [Worker-0: Importing Maven projects] INFO  o.e.m.j.i.AbstractJavaProjectConfigurator - Adding resource folder /Auth-Service/src/main/resources
2025-06-14 21:07:06,281 [Worker-0: Importing Maven projects] INFO  o.e.m.j.i.AbstractJavaProjectConfigurator - Adding source folder /Auth-Service/src/test/java
2025-06-14 21:07:06,283 [Worker-0: Importing Maven projects] INFO  o.e.m.j.i.AbstractJavaProjectConfigurator - Adding resource folder /Auth-Service/src/test/resources
2025-06-14 21:07:06,862 [Worker-0: Importing Maven projects] INFO  o.e.m.j.i.AbstractJavaProjectConfigurator - Adding source folder /productService/src/main/java
2025-06-14 21:07:06,863 [Worker-0: Importing Maven projects] INFO  o.e.m.j.i.AbstractJavaProjectConfigurator - Adding resource folder /productService/src/main/resources
2025-06-14 21:07:06,864 [Worker-0: Importing Maven projects] INFO  o.e.m.j.i.AbstractJavaProjectConfigurator - Adding resource folder /productService/src/main/resources
2025-06-14 21:07:06,865 [Worker-0: Importing Maven projects] INFO  o.e.m.j.i.AbstractJavaProjectConfigurator - Adding source folder /productService/src/test/java
2025-06-14 21:07:06,866 [Worker-0: Importing Maven projects] INFO  o.e.m.j.i.AbstractJavaProjectConfigurator - Adding resource folder /productService/src/test/resources
2025-06-14 21:07:07,402 [Worker-0: Importing Maven projects] INFO  o.e.m.j.i.AbstractJavaProjectConfigurator - Adding source folder /service-Registry/src/main/java
2025-06-14 21:07:07,403 [Worker-0: Importing Maven projects] INFO  o.e.m.j.i.AbstractJavaProjectConfigurator - Adding resource folder /service-Registry/src/main/resources
2025-06-14 21:07:07,404 [Worker-0: Importing Maven projects] INFO  o.e.m.j.i.AbstractJavaProjectConfigurator - Adding resource folder /service-Registry/src/main/resources
2025-06-14 21:07:07,405 [Worker-0: Importing Maven projects] INFO  o.e.m.j.i.AbstractJavaProjectConfigurator - Adding source folder /service-Registry/src/test/java
2025-06-14 21:07:07,406 [Worker-0: Importing Maven projects] INFO  o.e.m.j.i.AbstractJavaProjectConfigurator - Adding resource folder /service-Registry/src/test/resources
2025-06-14 21:07:07,892 [Worker-0: Importing Maven projects] INFO  o.e.m.j.i.AbstractJavaProjectConfigurator - Adding source folder /employeeService/src/main/java
2025-06-14 21:07:07,893 [Worker-0: Importing Maven projects] INFO  o.e.m.j.i.AbstractJavaProjectConfigurator - Adding resource folder /employeeService/src/main/resources
2025-06-14 21:07:07,895 [Worker-0: Importing Maven projects] INFO  o.e.m.j.i.AbstractJavaProjectConfigurator - Adding resource folder /employeeService/src/main/resources
2025-06-14 21:07:07,896 [Worker-0: Importing Maven projects] INFO  o.e.m.j.i.AbstractJavaProjectConfigurator - Adding source folder /employeeService/src/test/java
2025-06-14 21:07:07,898 [Worker-0: Importing Maven projects] INFO  o.e.m.j.i.AbstractJavaProjectConfigurator - Adding resource folder /employeeService/src/test/resources
2025-06-14 21:07:08,283 [Worker-0: Importing Maven projects] INFO  o.e.m.j.i.AbstractJavaProjectConfigurator - Adding source folder /warehouseService/src/main/java
2025-06-14 21:07:08,283 [Worker-0: Importing Maven projects] INFO  o.e.m.j.i.AbstractJavaProjectConfigurator - Adding resource folder /warehouseService/src/main/resources
2025-06-14 21:07:08,284 [Worker-0: Importing Maven projects] INFO  o.e.m.j.i.AbstractJavaProjectConfigurator - Adding resource folder /warehouseService/src/main/resources
2025-06-14 21:07:08,285 [Worker-0: Importing Maven projects] INFO  o.e.m.j.i.AbstractJavaProjectConfigurator - Adding source folder /warehouseService/src/test/java
2025-06-14 21:07:08,286 [Worker-0: Importing Maven projects] INFO  o.e.m.j.i.AbstractJavaProjectConfigurator - Adding resource folder /warehouseService/src/test/resources
2025-06-14 21:07:08,603 [Worker-0: Importing Maven projects] INFO  o.e.m.j.i.AbstractJavaProjectConfigurator - Adding source folder /api-gateway/src/main/java
2025-06-14 21:07:08,603 [Worker-0: Importing Maven projects] INFO  o.e.m.j.i.AbstractJavaProjectConfigurator - Adding resource folder /api-gateway/src/main/resources
2025-06-14 21:07:08,604 [Worker-0: Importing Maven projects] INFO  o.e.m.j.i.AbstractJavaProjectConfigurator - Adding resource folder /api-gateway/src/main/resources
2025-06-14 21:07:08,605 [Worker-0: Importing Maven projects] INFO  o.e.m.j.i.AbstractJavaProjectConfigurator - Adding source folder /api-gateway/src/test/java
2025-06-14 21:07:08,606 [Worker-0: Importing Maven projects] INFO  o.e.m.j.i.AbstractJavaProjectConfigurator - Adding resource folder /api-gateway/src/test/resources
2025-06-14 21:07:08,972 [Worker-0: Importing Maven projects] INFO  o.e.m.c.i.p.ProjectConfigurationManager - Imported and configured 6 project(s) in 14 sec
2025-06-14 21:07:09,165 [Worker-9: Updating Maven Project] INFO  o.e.m.c.i.p.ProjectConfigurationManager - Update started
2025-06-14 21:07:10,846 [Worker-9: Updating Maven Project] INFO  o.e.m.c.i.l.LifecycleMappingFactory - Using org.eclipse.m2e.jdt.JarLifecycleMapping lifecycle mapping for MavenProject: com.inventory:Auth-Service:0.0.1-SNAPSHOT @ C:\Users\choud\Downloads\backend-send\backend-send\Auth-Service\pom.xml.
2025-06-14 21:07:11,555 [Worker-9: Updating Maven Project] INFO  o.e.m.c.i.l.LifecycleMappingFactory - Using org.eclipse.m2e.jdt.JarLifecycleMapping lifecycle mapping for MavenProject: com.inventory:employeeService:0.0.1-SNAPSHOT @ C:\Users\choud\Downloads\backend-send\backend-send\employeeService\pom.xml.
2025-06-14 21:07:11,768 [Worker-9: Updating Maven Project] INFO  o.e.m.c.i.l.LifecycleMappingFactory - Using org.eclipse.m2e.jdt.JarLifecycleMapping lifecycle mapping for MavenProject: com.inventory:service-Registry:0.0.1-SNAPSHOT @ C:\Users\choud\Downloads\backend-send\backend-send\service-Registry\pom.xml.
2025-06-14 21:07:11,962 [Worker-9: Updating Maven Project] INFO  o.e.m.c.i.l.LifecycleMappingFactory - Using org.eclipse.m2e.jdt.JarLifecycleMapping lifecycle mapping for MavenProject: com.inventory:warehouseService:0.0.1-SNAPSHOT @ C:\Users\choud\Downloads\backend-send\backend-send\warehouseService\pom.xml.
2025-06-14 21:07:13,078 [Worker-9: Updating Maven Project] INFO  o.e.m.j.i.AbstractJavaProjectConfigurator - Adding source folder /Auth-Service/src/main/java
2025-06-14 21:07:13,079 [Worker-9: Updating Maven Project] INFO  o.e.m.j.i.AbstractJavaProjectConfigurator - Adding resource folder /Auth-Service/src/main/resources
2025-06-14 21:07:13,079 [Worker-9: Updating Maven Project] INFO  o.e.m.j.i.AbstractJavaProjectConfigurator - Adding resource folder /Auth-Service/src/main/resources
2025-06-14 21:07:13,080 [Worker-9: Updating Maven Project] INFO  o.e.m.j.i.AbstractJavaProjectConfigurator - Adding source folder /Auth-Service/src/test/java
2025-06-14 21:07:13,080 [Worker-9: Updating Maven Project] INFO  o.e.m.j.i.AbstractJavaProjectConfigurator - Adding resource folder /Auth-Service/src/test/resources
2025-06-14 21:07:13,385 [Worker-9: Updating Maven Project] INFO  o.e.m.j.i.AbstractJavaProjectConfigurator - Adding source folder /employeeService/src/main/java
2025-06-14 21:07:13,385 [Worker-9: Updating Maven Project] INFO  o.e.m.j.i.AbstractJavaProjectConfigurator - Adding resource folder /employeeService/src/main/resources
2025-06-14 21:07:13,386 [Worker-9: Updating Maven Project] INFO  o.e.m.j.i.AbstractJavaProjectConfigurator - Adding resource folder /employeeService/src/main/resources
2025-06-14 21:07:13,386 [Worker-9: Updating Maven Project] INFO  o.e.m.j.i.AbstractJavaProjectConfigurator - Adding source folder /employeeService/src/test/java
2025-06-14 21:07:13,387 [Worker-9: Updating Maven Project] INFO  o.e.m.j.i.AbstractJavaProjectConfigurator - Adding resource folder /employeeService/src/test/resources
2025-06-14 21:07:13,663 [Worker-9: Updating Maven Project] INFO  o.e.m.j.i.AbstractJavaProjectConfigurator - Adding source folder /service-Registry/src/main/java
2025-06-14 21:07:13,664 [Worker-9: Updating Maven Project] INFO  o.e.m.j.i.AbstractJavaProjectConfigurator - Adding resource folder /service-Registry/src/main/resources
2025-06-14 21:07:13,664 [Worker-9: Updating Maven Project] INFO  o.e.m.j.i.AbstractJavaProjectConfigurator - Adding resource folder /service-Registry/src/main/resources
2025-06-14 21:07:13,664 [Worker-9: Updating Maven Project] INFO  o.e.m.j.i.AbstractJavaProjectConfigurator - Adding source folder /service-Registry/src/test/java
2025-06-14 21:07:13,665 [Worker-9: Updating Maven Project] INFO  o.e.m.j.i.AbstractJavaProjectConfigurator - Adding resource folder /service-Registry/src/test/resources
2025-06-14 21:07:14,051 [Worker-9: Updating Maven Project] INFO  o.e.m.j.i.AbstractJavaProjectConfigurator - Adding source folder /warehouseService/src/main/java
2025-06-14 21:07:14,052 [Worker-9: Updating Maven Project] INFO  o.e.m.j.i.AbstractJavaProjectConfigurator - Adding resource folder /warehouseService/src/main/resources
2025-06-14 21:07:14,052 [Worker-9: Updating Maven Project] INFO  o.e.m.j.i.AbstractJavaProjectConfigurator - Adding resource folder /warehouseService/src/main/resources
2025-06-14 21:07:14,053 [Worker-9: Updating Maven Project] INFO  o.e.m.j.i.AbstractJavaProjectConfigurator - Adding source folder /warehouseService/src/test/java
2025-06-14 21:07:14,053 [Worker-9: Updating Maven Project] INFO  o.e.m.j.i.AbstractJavaProjectConfigurator - Adding resource folder /warehouseService/src/test/resources
2025-06-14 21:07:14,848 [Worker-9: Updating Maven Project] INFO  o.e.m.c.i.p.ProjectConfigurationManager - Update completed for 4 poms: local refresh takes 0.00 sec, refresh facades takes 3.00 sec, update config takes 1.00 sec 
2025-06-14 21:07:14,854 [Worker-4: Updating Maven Project] INFO  o.e.m.c.i.p.ProjectConfigurationManager - Update started
2025-06-14 21:07:15,646 [Worker-4: Updating Maven Project] INFO  o.e.m.c.i.l.LifecycleMappingFactory - Using org.eclipse.m2e.jdt.JarLifecycleMapping lifecycle mapping for MavenProject: com.gate:api-gateway:0.0.1-SNAPSHOT @ C:\Users\choud\Downloads\backend-send\backend-send\api-gateway\pom.xml.
2025-06-14 21:07:16,105 [Worker-4: Updating Maven Project] INFO  o.e.m.c.i.l.LifecycleMappingFactory - Using org.eclipse.m2e.jdt.JarLifecycleMapping lifecycle mapping for MavenProject: com.inventory:productService:0.0.1-SNAPSHOT @ C:\Users\choud\Downloads\backend-send\backend-send\productService\pom.xml.
2025-06-14 21:07:16,758 [Worker-4: Updating Maven Project] INFO  o.e.m.j.i.AbstractJavaProjectConfigurator - Adding source folder /api-gateway/src/main/java
2025-06-14 21:07:16,758 [Worker-4: Updating Maven Project] INFO  o.e.m.j.i.AbstractJavaProjectConfigurator - Adding resource folder /api-gateway/src/main/resources
2025-06-14 21:07:16,759 [Worker-4: Updating Maven Project] INFO  o.e.m.j.i.AbstractJavaProjectConfigurator - Adding resource folder /api-gateway/src/main/resources
2025-06-14 21:07:16,759 [Worker-4: Updating Maven Project] INFO  o.e.m.j.i.AbstractJavaProjectConfigurator - Adding source folder /api-gateway/src/test/java
2025-06-14 21:07:16,760 [Worker-4: Updating Maven Project] INFO  o.e.m.j.i.AbstractJavaProjectConfigurator - Adding resource folder /api-gateway/src/test/resources
2025-06-14 21:07:17,050 [Worker-4: Updating Maven Project] INFO  o.e.m.j.i.AbstractJavaProjectConfigurator - Adding source folder /productService/src/main/java
2025-06-14 21:07:17,050 [Worker-4: Updating Maven Project] INFO  o.e.m.j.i.AbstractJavaProjectConfigurator - Adding resource folder /productService/src/main/resources
2025-06-14 21:07:17,051 [Worker-4: Updating Maven Project] INFO  o.e.m.j.i.AbstractJavaProjectConfigurator - Adding resource folder /productService/src/main/resources
2025-06-14 21:07:17,051 [Worker-4: Updating Maven Project] INFO  o.e.m.j.i.AbstractJavaProjectConfigurator - Adding source folder /productService/src/test/java
2025-06-14 21:07:17,052 [Worker-4: Updating Maven Project] INFO  o.e.m.j.i.AbstractJavaProjectConfigurator - Adding resource folder /productService/src/test/resources
2025-06-14 21:07:17,452 [Worker-4: Updating Maven Project] INFO  o.e.m.c.i.p.ProjectConfigurationManager - Update completed for 2 poms: local refresh takes 0.00 sec, refresh facades takes 1.00 sec, update config takes 0.00 sec 
2025-06-14 21:07:18,189 [Worker-7: Building] INFO  o.a.m.s.f.DefaultMavenResourcesFiltering - Copying 1 resource from src\main\resources to target\classes
2025-06-14 21:07:18,206 [Worker-7: Building] INFO  o.a.m.s.f.DefaultMavenResourcesFiltering - Copying 1 resource from src\main\resources to target\classes
2025-06-14 21:07:18,212 [Worker-7: Building] INFO  o.a.m.s.f.DefaultMavenResourcesFiltering - skip non existing resourceDirectory C:\Users\choud\Downloads\backend-send\backend-send\Auth-Service\src\test\resources
2025-06-14 21:07:18,681 [Worker-7: Building] INFO  o.a.m.s.f.DefaultMavenResourcesFiltering - Copying 1 resource from src\main\resources to target\classes
2025-06-14 21:07:18,705 [Worker-7: Building] INFO  o.a.m.s.f.DefaultMavenResourcesFiltering - Copying 0 resource from src\main\resources to target\classes
2025-06-14 21:07:18,712 [Worker-7: Building] INFO  o.a.m.s.f.DefaultMavenResourcesFiltering - skip non existing resourceDirectory C:\Users\choud\Downloads\backend-send\backend-send\api-gateway\src\test\resources
2025-06-14 21:07:19,136 [Worker-7: Building] INFO  o.a.m.s.f.DefaultMavenResourcesFiltering - Copying 1 resource from src\main\resources to target\classes
2025-06-14 21:07:19,172 [Worker-7: Building] INFO  o.a.m.s.f.DefaultMavenResourcesFiltering - Copying 1 resource from src\main\resources to target\classes
2025-06-14 21:07:19,182 [Worker-7: Building] INFO  o.a.m.s.f.DefaultMavenResourcesFiltering - skip non existing resourceDirectory C:\Users\choud\Downloads\backend-send\backend-send\employeeService\src\test\resources
2025-06-14 21:07:19,561 [Worker-7: Building] INFO  o.a.m.s.f.DefaultMavenResourcesFiltering - Copying 1 resource from src\main\resources to target\classes
2025-06-14 21:07:19,576 [Worker-7: Building] INFO  o.a.m.s.f.DefaultMavenResourcesFiltering - Copying 0 resource from src\main\resources to target\classes
2025-06-14 21:07:19,580 [Worker-7: Building] INFO  o.a.m.s.f.DefaultMavenResourcesFiltering - skip non existing resourceDirectory C:\Users\choud\Downloads\backend-send\backend-send\productService\src\test\resources
2025-06-14 21:07:19,756 [Worker-7: Building] INFO  o.a.m.s.f.DefaultMavenResourcesFiltering - Copying 1 resource from src\main\resources to target\classes
2025-06-14 21:07:19,784 [Worker-7: Building] INFO  o.a.m.s.f.DefaultMavenResourcesFiltering - Copying 0 resource from src\main\resources to target\classes
2025-06-14 21:07:19,790 [Worker-7: Building] INFO  o.a.m.s.f.DefaultMavenResourcesFiltering - skip non existing resourceDirectory C:\Users\choud\Downloads\backend-send\backend-send\service-Registry\src\test\resources
2025-06-14 21:07:20,127 [Worker-7: Building] INFO  o.a.m.s.f.DefaultMavenResourcesFiltering - Copying 1 resource from src\main\resources to target\classes
2025-06-14 21:07:20,139 [Worker-7: Building] INFO  o.a.m.s.f.DefaultMavenResourcesFiltering - Copying 1 resource from src\main\resources to target\classes
2025-06-14 21:07:20,143 [Worker-7: Building] INFO  o.a.m.s.f.DefaultMavenResourcesFiltering - skip non existing resourceDirectory C:\Users\choud\Downloads\backend-send\backend-send\warehouseService\src\test\resources
2025-06-14 21:45:48,816 [Worker-1: Loading available Gradle versions] INFO  o.e.b.c.i.u.g.PublishedGradleVersions - Gradle version information cache is up-to-date. Trying to read.
2025-06-14 21:47:50,668 [Worker-10: Building] INFO  o.a.m.s.f.DefaultMavenResourcesFiltering - Copying 1 resource from src\main\resources to target\classes
2025-06-14 21:47:50,688 [Worker-10: Building] INFO  o.a.m.s.f.DefaultMavenResourcesFiltering - Copying 1 resource from src\main\resources to target\classes
2025-06-14 21:47:50,695 [Worker-10: Building] INFO  o.a.m.s.f.DefaultMavenResourcesFiltering - skip non existing resourceDirectory C:\Users\choud\Downloads\backend-send\backend-send\Auth-Service\src\test\resources
2025-06-14 21:47:52,583 [Worker-10: Building] INFO  o.a.m.s.f.DefaultMavenResourcesFiltering - Copying 1 resource from src\main\resources to target\classes
2025-06-14 21:47:52,605 [Worker-10: Building] INFO  o.a.m.s.f.DefaultMavenResourcesFiltering - Copying 0 resource from src\main\resources to target\classes
2025-06-14 21:47:52,611 [Worker-10: Building] INFO  o.a.m.s.f.DefaultMavenResourcesFiltering - skip non existing resourceDirectory C:\Users\choud\Downloads\backend-send\backend-send\api-gateway\src\test\resources
2025-06-14 21:47:54,053 [Worker-10: Building] INFO  o.a.m.s.f.DefaultMavenResourcesFiltering - Copying 1 resource from src\main\resources to target\classes
2025-06-14 21:47:54,066 [Worker-10: Building] INFO  o.a.m.s.f.DefaultMavenResourcesFiltering - Copying 1 resource from src\main\resources to target\classes
2025-06-14 21:47:54,073 [Worker-10: Building] INFO  o.a.m.s.f.DefaultMavenResourcesFiltering - skip non existing resourceDirectory C:\Users\choud\Downloads\backend-send\backend-send\employeeService\src\test\resources
2025-06-14 21:47:55,584 [Worker-18: Building] INFO  o.a.m.s.f.DefaultMavenResourcesFiltering - Copying 1 resource from src\main\resources to target\classes
2025-06-14 21:47:55,604 [Worker-18: Building] INFO  o.a.m.s.f.DefaultMavenResourcesFiltering - Copying 0 resource from src\main\resources to target\classes
2025-06-14 21:47:55,609 [Worker-18: Building] INFO  o.a.m.s.f.DefaultMavenResourcesFiltering - skip non existing resourceDirectory C:\Users\choud\Downloads\backend-send\backend-send\productService\src\test\resources
2025-06-14 21:47:56,648 [Worker-18: Building] INFO  o.a.m.s.f.DefaultMavenResourcesFiltering - Copying 1 resource from src\main\resources to target\classes
2025-06-14 21:47:56,662 [Worker-18: Building] INFO  o.a.m.s.f.DefaultMavenResourcesFiltering - Copying 0 resource from src\main\resources to target\classes
2025-06-14 21:47:56,671 [Worker-18: Building] INFO  o.a.m.s.f.DefaultMavenResourcesFiltering - skip non existing resourceDirectory C:\Users\choud\Downloads\backend-send\backend-send\service-Registry\src\test\resources
2025-06-14 21:47:57,852 [Worker-18: Building] INFO  o.a.m.s.f.DefaultMavenResourcesFiltering - Copying 1 resource from src\main\resources to target\classes
2025-06-14 21:47:57,863 [Worker-18: Building] INFO  o.a.m.s.f.DefaultMavenResourcesFiltering - Copying 1 resource from src\main\resources to target\classes
2025-06-14 21:47:57,869 [Worker-18: Building] INFO  o.a.m.s.f.DefaultMavenResourcesFiltering - skip non existing resourceDirectory C:\Users\choud\Downloads\backend-send\backend-send\warehouseService\src\test\resources
2025-06-14 21:47:58,944 [Worker-6: Building] INFO  o.a.m.s.f.DefaultMavenResourcesFiltering - Copying 1 resource from src\main\resources to target\classes
2025-06-14 21:47:58,955 [Worker-6: Building] INFO  o.a.m.s.f.DefaultMavenResourcesFiltering - Copying 0 resource from src\main\resources to target\classes
2025-06-14 21:47:58,959 [Worker-6: Building] INFO  o.a.m.s.f.DefaultMavenResourcesFiltering - skip non existing resourceDirectory C:\Users\choud\Downloads\backend-send\backend-send\employeeService\src\test\resources
2025-06-14 21:48:04,525 [Worker-14: Building] INFO  o.a.m.s.f.DefaultMavenResourcesFiltering - Copying 1 resource from src\main\resources to target\classes
2025-06-14 21:48:04,534 [Worker-14: Building] INFO  o.a.m.s.f.DefaultMavenResourcesFiltering - Copying 0 resource from src\main\resources to target\classes
2025-06-14 21:48:04,540 [Worker-14: Building] INFO  o.a.m.s.f.DefaultMavenResourcesFiltering - skip non existing resourceDirectory C:\Users\choud\Downloads\backend-send\backend-send\productService\src\test\resources
2025-06-14 21:48:13,803 [Worker-11: Building] INFO  o.a.m.s.f.DefaultMavenResourcesFiltering - Copying 1 resource from src\main\resources to target\classes
2025-06-14 21:48:13,813 [Worker-11: Building] INFO  o.a.m.s.f.DefaultMavenResourcesFiltering - Copying 0 resource from src\main\resources to target\classes
2025-06-14 21:48:13,817 [Worker-11: Building] INFO  o.a.m.s.f.DefaultMavenResourcesFiltering - skip non existing resourceDirectory C:\Users\choud\Downloads\backend-send\backend-send\warehouseService\src\test\resources
2025-06-14 21:50:22,650 [Worker-12: Building] INFO  o.a.m.s.f.DefaultMavenResourcesFiltering - Copying 1 resource from src\main\resources to target\classes
2025-06-14 21:50:22,664 [Worker-12: Building] INFO  o.a.m.s.f.DefaultMavenResourcesFiltering - Copying 1 resource from src\main\resources to target\classes
2025-06-14 21:50:22,669 [Worker-12: Building] INFO  o.a.m.s.f.DefaultMavenResourcesFiltering - skip non existing resourceDirectory C:\Users\choud\Downloads\backend-send\backend-send\Auth-Service\src\test\resources
2025-06-14 21:51:06,587 [Worker-11: Building] INFO  o.a.m.s.f.DefaultMavenResourcesFiltering - Copying 1 resource from src\main\resources to target\classes
2025-06-14 21:51:06,605 [Worker-11: Building] INFO  o.a.m.s.f.DefaultMavenResourcesFiltering - Copying 1 resource from src\main\resources to target\classes
2025-06-14 21:51:06,612 [Worker-11: Building] INFO  o.a.m.s.f.DefaultMavenResourcesFiltering - skip non existing resourceDirectory C:\Users\choud\Downloads\backend-send\backend-send\Auth-Service\src\test\resources
2025-06-14 21:56:05,523 [Worker-8: Building] INFO  o.a.m.s.f.DefaultMavenResourcesFiltering - Copying 1 resource from src\main\resources to target\classes
2025-06-14 21:56:05,535 [Worker-8: Building] INFO  o.a.m.s.f.DefaultMavenResourcesFiltering - Copying 0 resource from src\main\resources to target\classes
2025-06-14 21:56:05,541 [Worker-8: Building] INFO  o.a.m.s.f.DefaultMavenResourcesFiltering - skip non existing resourceDirectory C:\Users\choud\Downloads\backend-send\backend-send\api-gateway\src\test\resources
2025-06-14 22:09:08,028 [Worker-11: Building] INFO  o.a.m.s.f.DefaultMavenResourcesFiltering - Copying 1 resource from src\main\resources to target\classes
2025-06-14 22:09:08,040 [Worker-11: Building] INFO  o.a.m.s.f.DefaultMavenResourcesFiltering - Copying 1 resource from src\main\resources to target\classes
2025-06-14 22:09:08,043 [Worker-11: Building] INFO  o.a.m.s.f.DefaultMavenResourcesFiltering - skip non existing resourceDirectory C:\Users\choud\Downloads\backend-send\backend-send\employeeService\src\test\resources
2025-06-14 22:09:19,833 [Worker-6: Building] INFO  o.a.m.s.f.DefaultMavenResourcesFiltering - Copying 1 resource from src\main\resources to target\classes
2025-06-14 22:09:19,846 [Worker-6: Building] INFO  o.a.m.s.f.DefaultMavenResourcesFiltering - Copying 1 resource from src\main\resources to target\classes
2025-06-14 22:09:19,852 [Worker-6: Building] INFO  o.a.m.s.f.DefaultMavenResourcesFiltering - skip non existing resourceDirectory C:\Users\choud\Downloads\backend-send\backend-send\employeeService\src\test\resources
2025-06-14 22:10:56,970 [Worker-6: Building] INFO  o.a.m.s.f.DefaultMavenResourcesFiltering - Copying 1 resource from src\main\resources to target\classes
2025-06-14 22:10:56,985 [Worker-6: Building] INFO  o.a.m.s.f.DefaultMavenResourcesFiltering - Copying 0 resource from src\main\resources to target\classes
2025-06-14 22:10:56,990 [Worker-6: Building] INFO  o.a.m.s.f.DefaultMavenResourcesFiltering - skip non existing resourceDirectory C:\Users\choud\Downloads\backend-send\backend-send\productService\src\test\resources
2025-06-14 22:12:16,572 [Worker-6: Building] INFO  o.a.m.s.f.DefaultMavenResourcesFiltering - Copying 1 resource from src\main\resources to target\classes
2025-06-14 22:12:16,612 [Worker-6: Building] INFO  o.a.m.s.f.DefaultMavenResourcesFiltering - Copying 0 resource from src\main\resources to target\classes
2025-06-14 22:12:16,622 [Worker-6: Building] INFO  o.a.m.s.f.DefaultMavenResourcesFiltering - skip non existing resourceDirectory C:\Users\choud\Downloads\backend-send\backend-send\productService\src\test\resources
2025-06-14 22:13:31,233 [Worker-15: Building] INFO  o.a.m.s.f.DefaultMavenResourcesFiltering - Copying 1 resource from src\main\resources to target\classes
2025-06-14 22:13:31,241 [Worker-15: Building] INFO  o.a.m.s.f.DefaultMavenResourcesFiltering - Copying 0 resource from src\main\resources to target\classes
2025-06-14 22:13:31,243 [Worker-15: Building] INFO  o.a.m.s.f.DefaultMavenResourcesFiltering - skip non existing resourceDirectory C:\Users\choud\Downloads\backend-send\backend-send\productService\src\test\resources
2025-06-14 22:17:20,871 [Worker-19: Building] INFO  o.a.m.s.f.DefaultMavenResourcesFiltering - Copying 1 resource from src\main\resources to target\classes
2025-06-14 22:17:20,878 [Worker-19: Building] INFO  o.a.m.s.f.DefaultMavenResourcesFiltering - Copying 0 resource from src\main\resources to target\classes
2025-06-14 22:17:20,881 [Worker-19: Building] INFO  o.a.m.s.f.DefaultMavenResourcesFiltering - skip non existing resourceDirectory C:\Users\choud\Downloads\backend-send\backend-send\productService\src\test\resources
2025-06-14 22:17:30,849 [Worker-6: Building] INFO  o.a.m.s.f.DefaultMavenResourcesFiltering - Copying 1 resource from src\main\resources to target\classes
2025-06-14 22:17:30,863 [Worker-6: Building] INFO  o.a.m.s.f.DefaultMavenResourcesFiltering - Copying 1 resource from src\main\resources to target\classes
2025-06-14 22:17:30,869 [Worker-6: Building] INFO  o.a.m.s.f.DefaultMavenResourcesFiltering - skip non existing resourceDirectory C:\Users\choud\Downloads\backend-send\backend-send\warehouseService\src\test\resources
2025-06-14 22:17:42,914 [Worker-11: Building] INFO  o.a.m.s.f.DefaultMavenResourcesFiltering - Copying 1 resource from src\main\resources to target\classes
2025-06-14 22:17:42,924 [Worker-11: Building] INFO  o.a.m.s.f.DefaultMavenResourcesFiltering - Copying 1 resource from src\main\resources to target\classes
2025-06-14 22:17:42,929 [Worker-11: Building] INFO  o.a.m.s.f.DefaultMavenResourcesFiltering - skip non existing resourceDirectory C:\Users\choud\Downloads\backend-send\backend-send\warehouseService\src\test\resources
2025-06-14 22:22:12,178 [Worker-28: Debug Event Dispatch] ERROR reactor.core.publisher.Operators - Operator called default onErrorDropped
reactor.core.Exceptions$ErrorCallbackNotImplemented: java.lang.IllegalStateException: serverCapabilities unexpectedly null after initialization
Caused by: java.lang.IllegalStateException: serverCapabilities unexpectedly null after initialization
	at org.eclipse.lsp4e.LanguageServerWrapper.lambda$19(LanguageServerWrapper.java:944)
	at java.base/java.util.concurrent.CompletableFuture.uniComposeStage(CompletableFuture.java:1187)
	at java.base/java.util.concurrent.CompletableFuture.thenCompose(CompletableFuture.java:2341)
	at org.eclipse.lsp4e.LanguageServerWrapper.getServerCapabilitiesAsync(LanguageServerWrapper.java:938)
	at org.eclipse.lsp4e.LanguageServiceAccessor.capabilitiesComplyAsync(LanguageServiceAccessor.java:226)
	at org.eclipse.lsp4e.LanguageServiceAccessor.getStartedWrappersAsync(LanguageServiceAccessor.java:475)
	at org.eclipse.lsp4e.LanguageServiceAccessor.getStartedWrappersAsync(LanguageServiceAccessor.java:461)
	at org.eclipse.lsp4e.LanguageServers$LanguageServerProjectExecutor.getServers(LanguageServers.java:332)
	at org.eclipse.lsp4e.LanguageServers.executeOnServers(LanguageServers.java:441)
	at org.eclipse.lsp4e.LanguageServers.collectAll(LanguageServers.java:92)
	at org.eclipse.lsp4e.LanguageServers.collectAll(LanguageServers.java:75)
	at org.springframework.ide.eclipse.boot.dash.liveprocess.DefaultLiveProcessCommandExecutor.executeCommand(DefaultLiveProcessCommandExecutor.java:62)
	at org.springframework.ide.eclipse.boot.dash.BootDashActivator$1.stateChanged(BootDashActivator.java:229)
	at org.springframework.ide.eclipse.boot.dash.BootDashActivator$1.stateChanged(BootDashActivator.java:1)
	at org.springframework.ide.eclipse.boot.dash.util.RunStateTracker.updateOwnerStatesAndFireEvents(RunStateTracker.java:216)
	at org.springframework.ide.eclipse.boot.dash.util.RunStateTracker.processTerminated(RunStateTracker.java:267)
	at org.springframework.ide.eclipse.boot.util.ProcessTracker.processTerminated(ProcessTracker.java:112)
	at org.springframework.ide.eclipse.boot.util.ProcessTracker.handleDebugEvent(ProcessTracker.java:78)
	at org.springframework.ide.eclipse.boot.util.ProcessTracker$1.handleDebugEvents(ProcessTracker.java:48)
	at org.eclipse.debug.core.DebugPlugin$EventNotifier.run(DebugPlugin.java:1287)
	at org.eclipse.core.runtime.SafeRunner.run(SafeRunner.java:47)
	at org.eclipse.debug.core.DebugPlugin$EventNotifier.dispatch(DebugPlugin.java:1321)
	at org.eclipse.debug.core.DebugPlugin$EventDispatchJob.run(DebugPlugin.java:498)
	at org.eclipse.core.internal.jobs.Worker.run(Worker.java:63)
2025-06-14 22:22:32,702 [Worker-23: Ready state poller] ERROR reactor.core.publisher.Operators - Operator called default onErrorDropped
reactor.core.Exceptions$ErrorCallbackNotImplemented: java.lang.IllegalStateException: serverCapabilities unexpectedly null after initialization
Caused by: java.lang.IllegalStateException: serverCapabilities unexpectedly null after initialization
	at org.eclipse.lsp4e.LanguageServerWrapper.lambda$19(LanguageServerWrapper.java:944)
	at java.base/java.util.concurrent.CompletableFuture.uniComposeStage(CompletableFuture.java:1187)
	at java.base/java.util.concurrent.CompletableFuture.thenCompose(CompletableFuture.java:2341)
	at org.eclipse.lsp4e.LanguageServerWrapper.getServerCapabilitiesAsync(LanguageServerWrapper.java:938)
	at org.eclipse.lsp4e.LanguageServiceAccessor.capabilitiesComplyAsync(LanguageServiceAccessor.java:226)
	at org.eclipse.lsp4e.LanguageServiceAccessor.getStartedWrappersAsync(LanguageServiceAccessor.java:475)
	at org.eclipse.lsp4e.LanguageServiceAccessor.getStartedWrappersAsync(LanguageServiceAccessor.java:461)
	at org.eclipse.lsp4e.LanguageServers$LanguageServerProjectExecutor.getServers(LanguageServers.java:332)
	at org.eclipse.lsp4e.LanguageServers.executeOnServers(LanguageServers.java:441)
	at org.eclipse.lsp4e.LanguageServers.collectAll(LanguageServers.java:92)
	at org.eclipse.lsp4e.LanguageServers.collectAll(LanguageServers.java:75)
	at org.springframework.ide.eclipse.boot.dash.liveprocess.DefaultLiveProcessCommandExecutor.executeCommand(DefaultLiveProcessCommandExecutor.java:54)
	at org.springframework.ide.eclipse.boot.dash.BootDashActivator$1.stateChanged(BootDashActivator.java:219)
	at org.springframework.ide.eclipse.boot.dash.BootDashActivator$1.stateChanged(BootDashActivator.java:1)
	at org.springframework.ide.eclipse.boot.dash.util.RunStateTracker.updateOwnerStatesAndFireEvents(RunStateTracker.java:216)
	at org.springframework.ide.eclipse.boot.dash.util.RunStateTracker$1.gotValue(RunStateTracker.java:151)
	at org.springframework.ide.eclipse.boot.dash.util.RunStateTracker$1.gotValue(RunStateTracker.java:1)
	at org.springsource.ide.eclipse.commons.livexp.core.LiveExpression.changed(LiveExpression.java:137)
	at org.springsource.ide.eclipse.commons.livexp.core.LiveExpression.refresh(LiveExpression.java:81)
	at org.springsource.ide.eclipse.commons.livexp.core.LiveVariable.setValue(LiveVariable.java:46)
	at org.springframework.ide.eclipse.boot.dash.util.AbstractPollingAppReadyStateMonitor$1.run(AbstractPollingAppReadyStateMonitor.java:51)
	at org.eclipse.core.internal.jobs.Worker.run(Worker.java:63)
2025-06-14 22:24:17,773 [Worker-23: Building] INFO  o.a.m.s.f.DefaultMavenResourcesFiltering - Copying 1 resource from src\main\resources to target\classes
2025-06-14 22:24:17,789 [Worker-23: Building] INFO  o.a.m.s.f.DefaultMavenResourcesFiltering - Copying 0 resource from src\main\resources to target\classes
2025-06-14 22:24:17,794 [Worker-23: Building] INFO  o.a.m.s.f.DefaultMavenResourcesFiltering - skip non existing resourceDirectory C:\Users\choud\Downloads\backend-send\backend-send\warehouseService\src\test\resources
2025-06-14 22:36:39,706 [Worker-24: Debug Event Dispatch] ERROR reactor.core.publisher.Operators - Operator called default onErrorDropped
reactor.core.Exceptions$ErrorCallbackNotImplemented: java.lang.IllegalStateException: serverCapabilities unexpectedly null after initialization
Caused by: java.lang.IllegalStateException: serverCapabilities unexpectedly null after initialization
	at org.eclipse.lsp4e.LanguageServerWrapper.lambda$19(LanguageServerWrapper.java:944)
	at java.base/java.util.concurrent.CompletableFuture.uniComposeStage(CompletableFuture.java:1187)
	at java.base/java.util.concurrent.CompletableFuture.thenCompose(CompletableFuture.java:2341)
	at org.eclipse.lsp4e.LanguageServerWrapper.getServerCapabilitiesAsync(LanguageServerWrapper.java:938)
	at org.eclipse.lsp4e.LanguageServiceAccessor.capabilitiesComplyAsync(LanguageServiceAccessor.java:226)
	at org.eclipse.lsp4e.LanguageServiceAccessor.getStartedWrappersAsync(LanguageServiceAccessor.java:475)
	at org.eclipse.lsp4e.LanguageServiceAccessor.getStartedWrappersAsync(LanguageServiceAccessor.java:461)
	at org.eclipse.lsp4e.LanguageServers$LanguageServerProjectExecutor.getServers(LanguageServers.java:332)
	at org.eclipse.lsp4e.LanguageServers.executeOnServers(LanguageServers.java:441)
	at org.eclipse.lsp4e.LanguageServers.collectAll(LanguageServers.java:92)
	at org.eclipse.lsp4e.LanguageServers.collectAll(LanguageServers.java:75)
	at org.springframework.ide.eclipse.boot.dash.liveprocess.DefaultLiveProcessCommandExecutor.executeCommand(DefaultLiveProcessCommandExecutor.java:62)
	at org.springframework.ide.eclipse.boot.dash.BootDashActivator$1.stateChanged(BootDashActivator.java:229)
	at org.springframework.ide.eclipse.boot.dash.BootDashActivator$1.stateChanged(BootDashActivator.java:1)
	at org.springframework.ide.eclipse.boot.dash.util.RunStateTracker.updateOwnerStatesAndFireEvents(RunStateTracker.java:216)
	at org.springframework.ide.eclipse.boot.dash.util.RunStateTracker.processTerminated(RunStateTracker.java:267)
	at org.springframework.ide.eclipse.boot.util.ProcessTracker.processTerminated(ProcessTracker.java:112)
	at org.springframework.ide.eclipse.boot.util.ProcessTracker.handleDebugEvent(ProcessTracker.java:78)
	at org.springframework.ide.eclipse.boot.util.ProcessTracker$1.handleDebugEvents(ProcessTracker.java:48)
	at org.eclipse.debug.core.DebugPlugin$EventNotifier.run(DebugPlugin.java:1287)
	at org.eclipse.core.runtime.SafeRunner.run(SafeRunner.java:47)
	at org.eclipse.debug.core.DebugPlugin$EventNotifier.dispatch(DebugPlugin.java:1321)
	at org.eclipse.debug.core.DebugPlugin$EventDispatchJob.run(DebugPlugin.java:498)
	at org.eclipse.core.internal.jobs.Worker.run(Worker.java:63)
2025-06-14 22:36:51,816 [Worker-24: Ready state poller] ERROR reactor.core.publisher.Operators - Operator called default onErrorDropped
reactor.core.Exceptions$ErrorCallbackNotImplemented: java.lang.IllegalStateException: serverCapabilities unexpectedly null after initialization
Caused by: java.lang.IllegalStateException: serverCapabilities unexpectedly null after initialization
	at org.eclipse.lsp4e.LanguageServerWrapper.lambda$19(LanguageServerWrapper.java:944)
	at java.base/java.util.concurrent.CompletableFuture.uniComposeStage(CompletableFuture.java:1187)
	at java.base/java.util.concurrent.CompletableFuture.thenCompose(CompletableFuture.java:2341)
	at org.eclipse.lsp4e.LanguageServerWrapper.getServerCapabilitiesAsync(LanguageServerWrapper.java:938)
	at org.eclipse.lsp4e.LanguageServiceAccessor.capabilitiesComplyAsync(LanguageServiceAccessor.java:226)
	at org.eclipse.lsp4e.LanguageServiceAccessor.getStartedWrappersAsync(LanguageServiceAccessor.java:475)
	at org.eclipse.lsp4e.LanguageServiceAccessor.getStartedWrappersAsync(LanguageServiceAccessor.java:461)
	at org.eclipse.lsp4e.LanguageServers$LanguageServerProjectExecutor.getServers(LanguageServers.java:332)
	at org.eclipse.lsp4e.LanguageServers.executeOnServers(LanguageServers.java:441)
	at org.eclipse.lsp4e.LanguageServers.collectAll(LanguageServers.java:92)
	at org.eclipse.lsp4e.LanguageServers.collectAll(LanguageServers.java:75)
	at org.springframework.ide.eclipse.boot.dash.liveprocess.DefaultLiveProcessCommandExecutor.executeCommand(DefaultLiveProcessCommandExecutor.java:54)
	at org.springframework.ide.eclipse.boot.dash.BootDashActivator$1.stateChanged(BootDashActivator.java:219)
	at org.springframework.ide.eclipse.boot.dash.BootDashActivator$1.stateChanged(BootDashActivator.java:1)
	at org.springframework.ide.eclipse.boot.dash.util.RunStateTracker.updateOwnerStatesAndFireEvents(RunStateTracker.java:216)
	at org.springframework.ide.eclipse.boot.dash.util.RunStateTracker$1.gotValue(RunStateTracker.java:151)
	at org.springframework.ide.eclipse.boot.dash.util.RunStateTracker$1.gotValue(RunStateTracker.java:1)
	at org.springsource.ide.eclipse.commons.livexp.core.LiveExpression.changed(LiveExpression.java:137)
	at org.springsource.ide.eclipse.commons.livexp.core.LiveExpression.refresh(LiveExpression.java:81)
	at org.springsource.ide.eclipse.commons.livexp.core.LiveVariable.setValue(LiveVariable.java:46)
	at org.springframework.ide.eclipse.boot.dash.util.AbstractPollingAppReadyStateMonitor$1.run(AbstractPollingAppReadyStateMonitor.java:51)
	at org.eclipse.core.internal.jobs.Worker.run(Worker.java:63)
2025-06-14 22:41:47,810 [Worker-6: Building] INFO  o.a.m.s.f.DefaultMavenResourcesFiltering - Copying 1 resource from src\main\resources to target\classes
2025-06-14 22:41:47,816 [Worker-6: Building] INFO  o.a.m.s.f.DefaultMavenResourcesFiltering - Copying 1 resource from src\main\resources to target\classes
2025-06-14 22:41:47,820 [Worker-6: Building] INFO  o.a.m.s.f.DefaultMavenResourcesFiltering - skip non existing resourceDirectory C:\Users\choud\Downloads\backend-send\backend-send\employeeService\src\test\resources
2025-06-14 22:42:26,299 [Worker-11: Building] INFO  o.a.m.s.f.DefaultMavenResourcesFiltering - Copying 1 resource from src\main\resources to target\classes
2025-06-14 22:42:26,306 [Worker-11: Building] INFO  o.a.m.s.f.DefaultMavenResourcesFiltering - Copying 0 resource from src\main\resources to target\classes
2025-06-14 22:42:26,309 [Worker-11: Building] INFO  o.a.m.s.f.DefaultMavenResourcesFiltering - skip non existing resourceDirectory C:\Users\choud\Downloads\backend-send\backend-send\productService\src\test\resources
2025-06-14 22:42:37,658 [Worker-27: Building] INFO  o.a.m.s.f.DefaultMavenResourcesFiltering - Copying 1 resource from src\main\resources to target\classes
2025-06-14 22:42:37,664 [Worker-27: Building] INFO  o.a.m.s.f.DefaultMavenResourcesFiltering - Copying 1 resource from src\main\resources to target\classes
2025-06-14 22:42:37,666 [Worker-27: Building] INFO  o.a.m.s.f.DefaultMavenResourcesFiltering - skip non existing resourceDirectory C:\Users\choud\Downloads\backend-send\backend-send\warehouseService\src\test\resources
2025-06-14 22:42:45,867 [Worker-31: Debug Event Dispatch] ERROR reactor.core.publisher.Operators - Operator called default onErrorDropped
reactor.core.Exceptions$ErrorCallbackNotImplemented: java.lang.IllegalStateException: serverCapabilities unexpectedly null after initialization
Caused by: java.lang.IllegalStateException: serverCapabilities unexpectedly null after initialization
	at org.eclipse.lsp4e.LanguageServerWrapper.lambda$19(LanguageServerWrapper.java:944)
	at java.base/java.util.concurrent.CompletableFuture.uniComposeStage(CompletableFuture.java:1187)
	at java.base/java.util.concurrent.CompletableFuture.thenCompose(CompletableFuture.java:2341)
	at org.eclipse.lsp4e.LanguageServerWrapper.getServerCapabilitiesAsync(LanguageServerWrapper.java:938)
	at org.eclipse.lsp4e.LanguageServiceAccessor.capabilitiesComplyAsync(LanguageServiceAccessor.java:226)
	at org.eclipse.lsp4e.LanguageServiceAccessor.getStartedWrappersAsync(LanguageServiceAccessor.java:475)
	at org.eclipse.lsp4e.LanguageServiceAccessor.getStartedWrappersAsync(LanguageServiceAccessor.java:461)
	at org.eclipse.lsp4e.LanguageServers$LanguageServerProjectExecutor.getServers(LanguageServers.java:332)
	at org.eclipse.lsp4e.LanguageServers.executeOnServers(LanguageServers.java:441)
	at org.eclipse.lsp4e.LanguageServers.collectAll(LanguageServers.java:92)
	at org.eclipse.lsp4e.LanguageServers.collectAll(LanguageServers.java:75)
	at org.springframework.ide.eclipse.boot.dash.liveprocess.DefaultLiveProcessCommandExecutor.executeCommand(DefaultLiveProcessCommandExecutor.java:62)
	at org.springframework.ide.eclipse.boot.dash.BootDashActivator$1.stateChanged(BootDashActivator.java:229)
	at org.springframework.ide.eclipse.boot.dash.BootDashActivator$1.stateChanged(BootDashActivator.java:1)
	at org.springframework.ide.eclipse.boot.dash.util.RunStateTracker.updateOwnerStatesAndFireEvents(RunStateTracker.java:216)
	at org.springframework.ide.eclipse.boot.dash.util.RunStateTracker.processTerminated(RunStateTracker.java:267)
	at org.springframework.ide.eclipse.boot.util.ProcessTracker.processTerminated(ProcessTracker.java:112)
	at org.springframework.ide.eclipse.boot.util.ProcessTracker.handleDebugEvent(ProcessTracker.java:78)
	at org.springframework.ide.eclipse.boot.util.ProcessTracker$1.handleDebugEvents(ProcessTracker.java:48)
	at org.eclipse.debug.core.DebugPlugin$EventNotifier.run(DebugPlugin.java:1287)
	at org.eclipse.core.runtime.SafeRunner.run(SafeRunner.java:47)
	at org.eclipse.debug.core.DebugPlugin$EventNotifier.dispatch(DebugPlugin.java:1321)
	at org.eclipse.debug.core.DebugPlugin$EventDispatchJob.run(DebugPlugin.java:498)
	at org.eclipse.core.internal.jobs.Worker.run(Worker.java:63)
2025-06-14 22:43:04,699 [Worker-23: Ready state poller] ERROR reactor.core.publisher.Operators - Operator called default onErrorDropped
reactor.core.Exceptions$ErrorCallbackNotImplemented: java.lang.IllegalStateException: serverCapabilities unexpectedly null after initialization
Caused by: java.lang.IllegalStateException: serverCapabilities unexpectedly null after initialization
	at org.eclipse.lsp4e.LanguageServerWrapper.lambda$19(LanguageServerWrapper.java:944)
	at java.base/java.util.concurrent.CompletableFuture.uniComposeStage(CompletableFuture.java:1187)
	at java.base/java.util.concurrent.CompletableFuture.thenCompose(CompletableFuture.java:2341)
	at org.eclipse.lsp4e.LanguageServerWrapper.getServerCapabilitiesAsync(LanguageServerWrapper.java:938)
	at org.eclipse.lsp4e.LanguageServiceAccessor.capabilitiesComplyAsync(LanguageServiceAccessor.java:226)
	at org.eclipse.lsp4e.LanguageServiceAccessor.getStartedWrappersAsync(LanguageServiceAccessor.java:475)
	at org.eclipse.lsp4e.LanguageServiceAccessor.getStartedWrappersAsync(LanguageServiceAccessor.java:461)
	at org.eclipse.lsp4e.LanguageServers$LanguageServerProjectExecutor.getServers(LanguageServers.java:332)
	at org.eclipse.lsp4e.LanguageServers.executeOnServers(LanguageServers.java:441)
	at org.eclipse.lsp4e.LanguageServers.collectAll(LanguageServers.java:92)
	at org.eclipse.lsp4e.LanguageServers.collectAll(LanguageServers.java:75)
	at org.springframework.ide.eclipse.boot.dash.liveprocess.DefaultLiveProcessCommandExecutor.executeCommand(DefaultLiveProcessCommandExecutor.java:54)
	at org.springframework.ide.eclipse.boot.dash.BootDashActivator$1.stateChanged(BootDashActivator.java:219)
	at org.springframework.ide.eclipse.boot.dash.BootDashActivator$1.stateChanged(BootDashActivator.java:1)
	at org.springframework.ide.eclipse.boot.dash.util.RunStateTracker.updateOwnerStatesAndFireEvents(RunStateTracker.java:216)
	at org.springframework.ide.eclipse.boot.dash.util.RunStateTracker$1.gotValue(RunStateTracker.java:151)
	at org.springframework.ide.eclipse.boot.dash.util.RunStateTracker$1.gotValue(RunStateTracker.java:1)
	at org.springsource.ide.eclipse.commons.livexp.core.LiveExpression.changed(LiveExpression.java:137)
	at org.springsource.ide.eclipse.commons.livexp.core.LiveExpression.refresh(LiveExpression.java:81)
	at org.springsource.ide.eclipse.commons.livexp.core.LiveVariable.setValue(LiveVariable.java:46)
	at org.springframework.ide.eclipse.boot.dash.util.AbstractPollingAppReadyStateMonitor$1.run(AbstractPollingAppReadyStateMonitor.java:51)
	at org.eclipse.core.internal.jobs.Worker.run(Worker.java:63)
2025-06-14 22:56:47,902 [Worker-6: Loading available Gradle versions] INFO  o.e.b.c.i.u.g.PublishedGradleVersions - Gradle version information cache is up-to-date. Trying to read.
2025-06-14 22:56:55,141 [Worker-0: Building] INFO  o.a.m.s.f.DefaultMavenResourcesFiltering - Copying 1 resource from src\main\resources to target\classes
2025-06-14 22:56:55,168 [Worker-0: Building] INFO  o.a.m.s.f.DefaultMavenResourcesFiltering - Copying 1 resource from src\main\resources to target\classes
2025-06-14 22:56:55,176 [Worker-0: Building] INFO  o.a.m.s.f.DefaultMavenResourcesFiltering - skip non existing resourceDirectory C:\Users\choud\Downloads\backend-send\backend-send\Auth-Service\src\test\resources
2025-06-14 22:56:57,283 [Worker-0: Building] INFO  o.a.m.s.f.DefaultMavenResourcesFiltering - Copying 1 resource from src\main\resources to target\classes
2025-06-14 22:56:57,319 [Worker-0: Building] INFO  o.a.m.s.f.DefaultMavenResourcesFiltering - Copying 0 resource from src\main\resources to target\classes
2025-06-14 22:56:57,325 [Worker-0: Building] INFO  o.a.m.s.f.DefaultMavenResourcesFiltering - skip non existing resourceDirectory C:\Users\choud\Downloads\backend-send\backend-send\api-gateway\src\test\resources
2025-06-14 22:56:58,946 [Worker-0: Building] INFO  o.a.m.s.f.DefaultMavenResourcesFiltering - Copying 1 resource from src\main\resources to target\classes
2025-06-14 22:56:58,962 [Worker-0: Building] INFO  o.a.m.s.f.DefaultMavenResourcesFiltering - Copying 1 resource from src\main\resources to target\classes
2025-06-14 22:56:58,970 [Worker-0: Building] INFO  o.a.m.s.f.DefaultMavenResourcesFiltering - skip non existing resourceDirectory C:\Users\choud\Downloads\backend-send\backend-send\employeeService\src\test\resources
2025-06-14 22:57:00,358 [Worker-0: Building] INFO  o.a.m.s.f.DefaultMavenResourcesFiltering - Copying 1 resource from src\main\resources to target\classes
2025-06-14 22:57:00,375 [Worker-0: Building] INFO  o.a.m.s.f.DefaultMavenResourcesFiltering - Copying 0 resource from src\main\resources to target\classes
2025-06-14 22:57:00,379 [Worker-0: Building] INFO  o.a.m.s.f.DefaultMavenResourcesFiltering - skip non existing resourceDirectory C:\Users\choud\Downloads\backend-send\backend-send\productService\src\test\resources
2025-06-14 22:57:01,469 [Worker-0: Building] INFO  o.a.m.s.f.DefaultMavenResourcesFiltering - Copying 1 resource from src\main\resources to target\classes
2025-06-14 22:57:01,481 [Worker-0: Building] INFO  o.a.m.s.f.DefaultMavenResourcesFiltering - Copying 0 resource from src\main\resources to target\classes
2025-06-14 22:57:01,486 [Worker-0: Building] INFO  o.a.m.s.f.DefaultMavenResourcesFiltering - skip non existing resourceDirectory C:\Users\choud\Downloads\backend-send\backend-send\service-Registry\src\test\resources
2025-06-14 22:57:02,701 [Worker-0: Building] INFO  o.a.m.s.f.DefaultMavenResourcesFiltering - Copying 1 resource from src\main\resources to target\classes
2025-06-14 22:57:02,718 [Worker-0: Building] INFO  o.a.m.s.f.DefaultMavenResourcesFiltering - Copying 1 resource from src\main\resources to target\classes
2025-06-14 22:57:02,725 [Worker-0: Building] INFO  o.a.m.s.f.DefaultMavenResourcesFiltering - skip non existing resourceDirectory C:\Users\choud\Downloads\backend-send\backend-send\warehouseService\src\test\resources
2025-06-14 22:57:21,729 [Worker-1: Ready state poller] ERROR reactor.core.publisher.Operators - Operator called default onErrorDropped
reactor.core.Exceptions$ErrorCallbackNotImplemented: java.lang.IllegalStateException: serverCapabilities unexpectedly null after initialization
Caused by: java.lang.IllegalStateException: serverCapabilities unexpectedly null after initialization
	at org.eclipse.lsp4e.LanguageServerWrapper.lambda$19(LanguageServerWrapper.java:944)
	at java.base/java.util.concurrent.CompletableFuture.uniComposeStage(CompletableFuture.java:1187)
	at java.base/java.util.concurrent.CompletableFuture.thenCompose(CompletableFuture.java:2341)
	at org.eclipse.lsp4e.LanguageServerWrapper.getServerCapabilitiesAsync(LanguageServerWrapper.java:938)
	at org.eclipse.lsp4e.LanguageServiceAccessor.capabilitiesComplyAsync(LanguageServiceAccessor.java:226)
	at org.eclipse.lsp4e.LanguageServiceAccessor.getStartedWrappersAsync(LanguageServiceAccessor.java:475)
	at org.eclipse.lsp4e.LanguageServiceAccessor.getStartedWrappersAsync(LanguageServiceAccessor.java:461)
	at org.eclipse.lsp4e.LanguageServers$LanguageServerProjectExecutor.getServers(LanguageServers.java:332)
	at org.eclipse.lsp4e.LanguageServers.executeOnServers(LanguageServers.java:441)
	at org.eclipse.lsp4e.LanguageServers.collectAll(LanguageServers.java:92)
	at org.eclipse.lsp4e.LanguageServers.collectAll(LanguageServers.java:75)
	at org.springframework.ide.eclipse.boot.dash.liveprocess.DefaultLiveProcessCommandExecutor.executeCommand(DefaultLiveProcessCommandExecutor.java:54)
	at org.springframework.ide.eclipse.boot.dash.BootDashActivator$1.stateChanged(BootDashActivator.java:219)
	at org.springframework.ide.eclipse.boot.dash.BootDashActivator$1.stateChanged(BootDashActivator.java:1)
	at org.springframework.ide.eclipse.boot.dash.util.RunStateTracker.updateOwnerStatesAndFireEvents(RunStateTracker.java:216)
	at org.springframework.ide.eclipse.boot.dash.util.RunStateTracker$1.gotValue(RunStateTracker.java:151)
	at org.springframework.ide.eclipse.boot.dash.util.RunStateTracker$1.gotValue(RunStateTracker.java:1)
	at org.springsource.ide.eclipse.commons.livexp.core.LiveExpression.changed(LiveExpression.java:137)
	at org.springsource.ide.eclipse.commons.livexp.core.LiveExpression.refresh(LiveExpression.java:81)
	at org.springsource.ide.eclipse.commons.livexp.core.LiveVariable.setValue(LiveVariable.java:46)
	at org.springframework.ide.eclipse.boot.dash.util.AbstractPollingAppReadyStateMonitor$1.run(AbstractPollingAppReadyStateMonitor.java:51)
	at org.eclipse.core.internal.jobs.Worker.run(Worker.java:63)
2025-06-14 23:01:14,178 [Worker-7: Loading available Gradle versions] INFO  o.e.b.c.i.u.g.PublishedGradleVersions - Gradle version information cache is up-to-date. Trying to read.
2025-06-14 23:01:21,389 [Worker-18: Building] INFO  o.a.m.s.f.DefaultMavenResourcesFiltering - Copying 1 resource from src\main\resources to target\classes
2025-06-14 23:01:21,452 [Worker-18: Building] INFO  o.a.m.s.f.DefaultMavenResourcesFiltering - Copying 1 resource from src\main\resources to target\classes
2025-06-14 23:01:21,464 [Worker-18: Building] INFO  o.a.m.s.f.DefaultMavenResourcesFiltering - skip non existing resourceDirectory C:\Users\choud\Downloads\backend-send\backend-send\Auth-Service\src\test\resources
2025-06-14 23:01:23,956 [Worker-18: Building] INFO  o.a.m.s.f.DefaultMavenResourcesFiltering - Copying 1 resource from src\main\resources to target\classes
2025-06-14 23:01:23,987 [Worker-18: Building] INFO  o.a.m.s.f.DefaultMavenResourcesFiltering - Copying 0 resource from src\main\resources to target\classes
2025-06-14 23:01:23,995 [Worker-18: Building] INFO  o.a.m.s.f.DefaultMavenResourcesFiltering - skip non existing resourceDirectory C:\Users\choud\Downloads\backend-send\backend-send\api-gateway\src\test\resources
2025-06-14 23:01:26,214 [Worker-18: Building] INFO  o.a.m.s.f.DefaultMavenResourcesFiltering - Copying 1 resource from src\main\resources to target\classes
2025-06-14 23:01:26,244 [Worker-18: Building] INFO  o.a.m.s.f.DefaultMavenResourcesFiltering - Copying 1 resource from src\main\resources to target\classes
2025-06-14 23:01:26,252 [Worker-18: Building] INFO  o.a.m.s.f.DefaultMavenResourcesFiltering - skip non existing resourceDirectory C:\Users\choud\Downloads\backend-send\backend-send\employeeService\src\test\resources
2025-06-14 23:01:28,084 [Worker-18: Building] INFO  o.a.m.s.f.DefaultMavenResourcesFiltering - Copying 1 resource from src\main\resources to target\classes
2025-06-14 23:01:28,113 [Worker-18: Building] INFO  o.a.m.s.f.DefaultMavenResourcesFiltering - Copying 0 resource from src\main\resources to target\classes
2025-06-14 23:01:28,120 [Worker-18: Building] INFO  o.a.m.s.f.DefaultMavenResourcesFiltering - skip non existing resourceDirectory C:\Users\choud\Downloads\backend-send\backend-send\productService\src\test\resources
2025-06-14 23:01:29,485 [Worker-18: Building] INFO  o.a.m.s.f.DefaultMavenResourcesFiltering - Copying 1 resource from src\main\resources to target\classes
2025-06-14 23:01:29,505 [Worker-18: Building] INFO  o.a.m.s.f.DefaultMavenResourcesFiltering - Copying 0 resource from src\main\resources to target\classes
2025-06-14 23:01:29,512 [Worker-18: Building] INFO  o.a.m.s.f.DefaultMavenResourcesFiltering - skip non existing resourceDirectory C:\Users\choud\Downloads\backend-send\backend-send\service-Registry\src\test\resources
2025-06-14 23:01:31,942 [Worker-18: Building] INFO  o.a.m.s.f.DefaultMavenResourcesFiltering - Copying 1 resource from src\main\resources to target\classes
2025-06-14 23:01:32,001 [Worker-18: Building] INFO  o.a.m.s.f.DefaultMavenResourcesFiltering - Copying 1 resource from src\main\resources to target\classes
2025-06-14 23:01:32,009 [Worker-18: Building] INFO  o.a.m.s.f.DefaultMavenResourcesFiltering - skip non existing resourceDirectory C:\Users\choud\Downloads\backend-send\backend-send\warehouseService\src\test\resources
2025-06-14 23:01:54,734 [Worker-9: Ready state poller] ERROR reactor.core.publisher.Operators - Operator called default onErrorDropped
reactor.core.Exceptions$ErrorCallbackNotImplemented: java.lang.IllegalStateException: serverCapabilities unexpectedly null after initialization
Caused by: java.lang.IllegalStateException: serverCapabilities unexpectedly null after initialization
	at org.eclipse.lsp4e.LanguageServerWrapper.lambda$19(LanguageServerWrapper.java:944)
	at java.base/java.util.concurrent.CompletableFuture.uniComposeStage(CompletableFuture.java:1187)
	at java.base/java.util.concurrent.CompletableFuture.thenCompose(CompletableFuture.java:2341)
	at org.eclipse.lsp4e.LanguageServerWrapper.getServerCapabilitiesAsync(LanguageServerWrapper.java:938)
	at org.eclipse.lsp4e.LanguageServiceAccessor.capabilitiesComplyAsync(LanguageServiceAccessor.java:226)
	at org.eclipse.lsp4e.LanguageServiceAccessor.getStartedWrappersAsync(LanguageServiceAccessor.java:475)
	at org.eclipse.lsp4e.LanguageServiceAccessor.getStartedWrappersAsync(LanguageServiceAccessor.java:461)
	at org.eclipse.lsp4e.LanguageServers$LanguageServerProjectExecutor.getServers(LanguageServers.java:332)
	at org.eclipse.lsp4e.LanguageServers.executeOnServers(LanguageServers.java:441)
	at org.eclipse.lsp4e.LanguageServers.collectAll(LanguageServers.java:92)
	at org.eclipse.lsp4e.LanguageServers.collectAll(LanguageServers.java:75)
	at org.springframework.ide.eclipse.boot.dash.liveprocess.DefaultLiveProcessCommandExecutor.executeCommand(DefaultLiveProcessCommandExecutor.java:54)
	at org.springframework.ide.eclipse.boot.dash.BootDashActivator$1.stateChanged(BootDashActivator.java:219)
	at org.springframework.ide.eclipse.boot.dash.BootDashActivator$1.stateChanged(BootDashActivator.java:1)
	at org.springframework.ide.eclipse.boot.dash.util.RunStateTracker.updateOwnerStatesAndFireEvents(RunStateTracker.java:216)
	at org.springframework.ide.eclipse.boot.dash.util.RunStateTracker$1.gotValue(RunStateTracker.java:151)
	at org.springframework.ide.eclipse.boot.dash.util.RunStateTracker$1.gotValue(RunStateTracker.java:1)
	at org.springsource.ide.eclipse.commons.livexp.core.LiveExpression.changed(LiveExpression.java:137)
	at org.springsource.ide.eclipse.commons.livexp.core.LiveExpression.refresh(LiveExpression.java:81)
	at org.springsource.ide.eclipse.commons.livexp.core.LiveVariable.setValue(LiveVariable.java:46)
	at org.springframework.ide.eclipse.boot.dash.util.AbstractPollingAppReadyStateMonitor$1.run(AbstractPollingAppReadyStateMonitor.java:51)
	at org.eclipse.core.internal.jobs.Worker.run(Worker.java:63)
2025-06-15 00:12:32,318 [Worker-1: Building] INFO  o.a.m.s.f.DefaultMavenResourcesFiltering - Copying 1 resource from src\main\resources to target\classes
2025-06-15 00:12:32,374 [Worker-1: Building] INFO  o.a.m.s.f.DefaultMavenResourcesFiltering - Copying 0 resource from src\main\resources to target\classes
2025-06-15 00:12:32,377 [Worker-1: Building] INFO  o.a.m.s.f.DefaultMavenResourcesFiltering - skip non existing resourceDirectory C:\Users\choud\Downloads\backend-send\backend-send\productService\src\test\resources
2025-06-15 00:16:07,543 [Worker-10: Building] INFO  o.a.m.s.f.DefaultMavenResourcesFiltering - Copying 1 resource from src\main\resources to target\classes
2025-06-15 00:16:07,552 [Worker-10: Building] INFO  o.a.m.s.f.DefaultMavenResourcesFiltering - Copying 0 resource from src\main\resources to target\classes
2025-06-15 00:16:07,555 [Worker-10: Building] INFO  o.a.m.s.f.DefaultMavenResourcesFiltering - skip non existing resourceDirectory C:\Users\choud\Downloads\backend-send\backend-send\productService\src\test\resources
2025-06-15 00:18:54,966 [Worker-1: Building] INFO  o.a.m.s.f.DefaultMavenResourcesFiltering - Copying 1 resource from src\main\resources to target\classes
2025-06-15 00:18:54,975 [Worker-1: Building] INFO  o.a.m.s.f.DefaultMavenResourcesFiltering - Copying 0 resource from src\main\resources to target\classes
2025-06-15 00:18:54,978 [Worker-1: Building] INFO  o.a.m.s.f.DefaultMavenResourcesFiltering - skip non existing resourceDirectory C:\Users\choud\Downloads\backend-send\backend-send\productService\src\test\resources
2025-06-15 00:24:11,557 [Worker-10: Building] INFO  o.a.m.s.f.DefaultMavenResourcesFiltering - Copying 1 resource from src\main\resources to target\classes
2025-06-15 00:24:11,571 [Worker-10: Building] INFO  o.a.m.s.f.DefaultMavenResourcesFiltering - Copying 0 resource from src\main\resources to target\classes
2025-06-15 00:24:11,574 [Worker-10: Building] INFO  o.a.m.s.f.DefaultMavenResourcesFiltering - skip non existing resourceDirectory C:\Users\choud\Downloads\backend-send\backend-send\productService\src\test\resources
2025-06-15 01:53:44,263 [Worker-11: Building] INFO  o.a.m.s.f.DefaultMavenResourcesFiltering - Copying 1 resource from src\main\resources to target\classes
2025-06-15 01:53:44,291 [Worker-11: Building] INFO  o.a.m.s.f.DefaultMavenResourcesFiltering - Copying 0 resource from src\main\resources to target\classes
2025-06-15 01:53:44,297 [Worker-11: Building] INFO  o.a.m.s.f.DefaultMavenResourcesFiltering - skip non existing resourceDirectory C:\Users\choud\Downloads\backend-send\backend-send\productService\src\test\resources
2025-06-15 01:54:19,979 [Worker-4: Building] INFO  o.a.m.s.f.DefaultMavenResourcesFiltering - Copying 1 resource from src\main\resources to target\classes
2025-06-15 01:54:19,991 [Worker-4: Building] INFO  o.a.m.s.f.DefaultMavenResourcesFiltering - Copying 0 resource from src\main\resources to target\classes
2025-06-15 01:54:19,999 [Worker-4: Building] INFO  o.a.m.s.f.DefaultMavenResourcesFiltering - skip non existing resourceDirectory C:\Users\choud\Downloads\backend-send\backend-send\productService\src\test\resources
2025-06-15 02:50:08,350 [Worker-21: Building] INFO  o.a.m.s.f.DefaultMavenResourcesFiltering - Copying 1 resource from src\main\resources to target\classes
2025-06-15 02:50:08,390 [Worker-21: Building] INFO  o.a.m.s.f.DefaultMavenResourcesFiltering - Copying 0 resource from src\main\resources to target\classes
2025-06-15 02:50:08,399 [Worker-21: Building] INFO  o.a.m.s.f.DefaultMavenResourcesFiltering - skip non existing resourceDirectory C:\Users\choud\Downloads\backend-send\backend-send\productService\src\test\resources
2025-06-15 03:10:24,726 [Worker-1: Building] INFO  o.a.m.s.f.DefaultMavenResourcesFiltering - Copying 1 resource from src\main\resources to target\classes
2025-06-15 03:10:24,739 [Worker-1: Building] INFO  o.a.m.s.f.DefaultMavenResourcesFiltering - Copying 1 resource from src\main\resources to target\classes
2025-06-15 03:10:24,744 [Worker-1: Building] INFO  o.a.m.s.f.DefaultMavenResourcesFiltering - skip non existing resourceDirectory C:\Users\choud\Downloads\backend-send\backend-send\employeeService\src\test\resources
2025-06-15 03:30:09,984 [Worker-21: Building] INFO  o.a.m.s.f.DefaultMavenResourcesFiltering - Copying 1 resource from src\main\resources to target\classes
2025-06-15 03:30:09,994 [Worker-21: Building] INFO  o.a.m.s.f.DefaultMavenResourcesFiltering - Copying 1 resource from src\main\resources to target\classes
2025-06-15 03:30:09,999 [Worker-21: Building] INFO  o.a.m.s.f.DefaultMavenResourcesFiltering - skip non existing resourceDirectory C:\Users\choud\Downloads\backend-send\backend-send\employeeService\src\test\resources
2025-06-15 05:01:21,067 [Worker-22: Building] INFO  o.a.m.s.f.DefaultMavenResourcesFiltering - Copying 1 resource from src\main\resources to target\classes
2025-06-15 05:01:21,087 [Worker-22: Building] INFO  o.a.m.s.f.DefaultMavenResourcesFiltering - Copying 0 resource from src\main\resources to target\classes
2025-06-15 05:01:21,090 [Worker-22: Building] INFO  o.a.m.s.f.DefaultMavenResourcesFiltering - skip non existing resourceDirectory C:\Users\choud\Downloads\backend-send\backend-send\api-gateway\src\test\resources
2025-06-15 05:02:28,778 [Worker-0: Building] INFO  o.a.m.s.f.DefaultMavenResourcesFiltering - Copying 1 resource from src\main\resources to target\classes
2025-06-15 05:02:28,788 [Worker-0: Building] INFO  o.a.m.s.f.DefaultMavenResourcesFiltering - Copying 0 resource from src\main\resources to target\classes
2025-06-15 05:02:28,796 [Worker-0: Building] INFO  o.a.m.s.f.DefaultMavenResourcesFiltering - skip non existing resourceDirectory C:\Users\choud\Downloads\backend-send\backend-send\api-gateway\src\test\resources
2025-06-15 05:07:34,068 [Worker-7: Building] INFO  o.a.m.s.f.DefaultMavenResourcesFiltering - Copying 1 resource from src\main\resources to target\classes
2025-06-15 05:07:34,074 [Worker-7: Building] INFO  o.a.m.s.f.DefaultMavenResourcesFiltering - Copying 0 resource from src\main\resources to target\classes
2025-06-15 05:07:34,077 [Worker-7: Building] INFO  o.a.m.s.f.DefaultMavenResourcesFiltering - skip non existing resourceDirectory C:\Users\choud\Downloads\backend-send\backend-send\api-gateway\src\test\resources
2025-06-15 16:10:55,901 [Worker-34: Debug Event Dispatch] ERROR reactor.core.publisher.Operators - Operator called default onErrorDropped
reactor.core.Exceptions$ErrorCallbackNotImplemented: java.lang.IllegalStateException: serverCapabilities unexpectedly null after initialization
Caused by: java.lang.IllegalStateException: serverCapabilities unexpectedly null after initialization
	at org.eclipse.lsp4e.LanguageServerWrapper.lambda$19(LanguageServerWrapper.java:944)
	at java.base/java.util.concurrent.CompletableFuture.uniComposeStage(CompletableFuture.java:1187)
	at java.base/java.util.concurrent.CompletableFuture.thenCompose(CompletableFuture.java:2341)
	at org.eclipse.lsp4e.LanguageServerWrapper.getServerCapabilitiesAsync(LanguageServerWrapper.java:938)
	at org.eclipse.lsp4e.LanguageServiceAccessor.capabilitiesComplyAsync(LanguageServiceAccessor.java:226)
	at org.eclipse.lsp4e.LanguageServiceAccessor.getStartedWrappersAsync(LanguageServiceAccessor.java:475)
	at org.eclipse.lsp4e.LanguageServiceAccessor.getStartedWrappersAsync(LanguageServiceAccessor.java:461)
	at org.eclipse.lsp4e.LanguageServers$LanguageServerProjectExecutor.getServers(LanguageServers.java:332)
	at org.eclipse.lsp4e.LanguageServers.executeOnServers(LanguageServers.java:441)
	at org.eclipse.lsp4e.LanguageServers.collectAll(LanguageServers.java:92)
	at org.eclipse.lsp4e.LanguageServers.collectAll(LanguageServers.java:75)
	at org.springframework.ide.eclipse.boot.dash.liveprocess.DefaultLiveProcessCommandExecutor.executeCommand(DefaultLiveProcessCommandExecutor.java:62)
	at org.springframework.ide.eclipse.boot.dash.BootDashActivator$1.stateChanged(BootDashActivator.java:229)
	at org.springframework.ide.eclipse.boot.dash.BootDashActivator$1.stateChanged(BootDashActivator.java:1)
	at org.springframework.ide.eclipse.boot.dash.util.RunStateTracker.updateOwnerStatesAndFireEvents(RunStateTracker.java:216)
	at org.springframework.ide.eclipse.boot.dash.util.RunStateTracker.processTerminated(RunStateTracker.java:267)
	at org.springframework.ide.eclipse.boot.util.ProcessTracker.processTerminated(ProcessTracker.java:112)
	at org.springframework.ide.eclipse.boot.util.ProcessTracker.handleDebugEvent(ProcessTracker.java:78)
	at org.springframework.ide.eclipse.boot.util.ProcessTracker$1.handleDebugEvents(ProcessTracker.java:48)
	at org.eclipse.debug.core.DebugPlugin$EventNotifier.run(DebugPlugin.java:1287)
	at org.eclipse.core.runtime.SafeRunner.run(SafeRunner.java:47)
	at org.eclipse.debug.core.DebugPlugin$EventNotifier.dispatch(DebugPlugin.java:1321)
	at org.eclipse.debug.core.DebugPlugin$EventDispatchJob.run(DebugPlugin.java:498)
	at org.eclipse.core.internal.jobs.Worker.run(Worker.java:63)
